<?xml version="1.0" encoding="UTF-8"?>
<!-- Generated by org.testng.reporters.JUnitReportReporter -->
<testsuite hostname="BLR1-LHP-N71512" failures="0" tests="1" name="com.employeeapi.base.TestBase" time="0.012" errors="0" timestamp="2022-02-14T11:13:41 IST" skipped="0">
  <testcase classname="com.employeeapi.base.TestBase" name="setup" time="0.012"/>
  <system-out/>
</testsuite> <!-- com.employeeapi.base.TestBase -->
